{
"contracts/Raffle.sol":{"l":{"55":3,"56":3,"57":3,"58":3,"59":3,"60":3,"61":3,"62":3,"66":5,"67":1,"69":4,"70":1,"72":3,"73":3,"96":1,"97":1,"98":1,"99":1,"100":1,"110":1,"111":1,"112":0,"118":1,"119":1,"127":1,"138":0,"139":0,"140":0,"141":0,"142":0,"143":0,"144":0,"145":0,"146":0,"148":0,"153":5,"157":1,"161":0,"165":1,"169":0,"173":0,"177":0,"181":0,"185":5},"path":"/Users/marotaman/Desktop/BC apps/smartcontract-lottery/contracts/Raffle.sol","s":{"1":3,"2":3,"3":3,"4":3,"5":3,"6":3,"7":3,"8":3,"9":5,"10":4,"11":3,"12":3,"13":1,"14":1,"15":1,"16":1,"17":1,"18":1,"19":1,"20":1,"21":1,"22":1,"23":0,"24":0,"25":0,"26":0,"27":0,"28":0,"29":0,"30":0,"31":0,"32":5,"33":1,"34":0,"35":1,"36":0,"37":0,"38":0,"39":0,"40":5},"b":{"1":[1,4],"2":[1,3],"3":[0,1],"4":[0,0]},"f":{"1":3,"2":5,"3":1,"4":1,"5":0,"6":5,"7":1,"8":0,"9":1,"10":0,"11":0,"12":0,"13":0,"14":5},"fnMap":{"1":{"name":"constructor","line":54,"loc":{"start":{"line":47,"column":4},"end":{"line":63,"column":4}}},"2":{"name":"enterRaffle","line":65,"loc":{"start":{"line":65,"column":4},"end":{"line":74,"column":4}}},"3":{"name":"checkUpkeep","line":85,"loc":{"start":{"line":85,"column":4},"end":{"line":101,"column":4}}},"4":{"name":"performUpkeep","line":107,"loc":{"start":{"line":107,"column":4},"end":{"line":128,"column":4}}},"5":{"name":"fulfillRandomWords","line":134,"loc":{"start":{"line":134,"column":4},"end":{"line":149,"column":4}}},"6":{"name":"getEntranceFee","line":152,"loc":{"start":{"line":152,"column":4},"end":{"line":154,"column":4}}},"7":{"name":"getPlayer","line":156,"loc":{"start":{"line":156,"column":4},"end":{"line":158,"column":4}}},"8":{"name":"getRecentWinner","line":160,"loc":{"start":{"line":160,"column":4},"end":{"line":162,"column":4}}},"9":{"name":"getRaffleState","line":164,"loc":{"start":{"line":164,"column":4},"end":{"line":166,"column":4}}},"10":{"name":"getNumWords","line":168,"loc":{"start":{"line":168,"column":4},"end":{"line":170,"column":4}}},"11":{"name":"getNumberOfPlayers","line":172,"loc":{"start":{"line":172,"column":4},"end":{"line":174,"column":4}}},"12":{"name":"getLatestTimeStamp","line":176,"loc":{"start":{"line":176,"column":4},"end":{"line":178,"column":4}}},"13":{"name":"getRequestConfirmations","line":180,"loc":{"start":{"line":180,"column":4},"end":{"line":182,"column":4}}},"14":{"name":"getInterval","line":184,"loc":{"start":{"line":184,"column":4},"end":{"line":186,"column":4}}}},"statementMap":{"1":{"start":{"line":55,"column":8},"end":{"line":55,"column":34}},"2":{"start":{"line":56,"column":8},"end":{"line":56,"column":69}},"3":{"start":{"line":57,"column":8},"end":{"line":57,"column":26}},"4":{"start":{"line":58,"column":8},"end":{"line":58,"column":40}},"5":{"start":{"line":59,"column":8},"end":{"line":59,"column":44}},"6":{"start":{"line":60,"column":8},"end":{"line":60,"column":39}},"7":{"start":{"line":61,"column":8},"end":{"line":61,"column":40}},"8":{"start":{"line":62,"column":8},"end":{"line":62,"column":28}},"9":{"start":{"line":66,"column":8},"end":{"line":66,"column":2298}},"10":{"start":{"line":69,"column":8},"end":{"line":69,"column":2399}},"11":{"start":{"line":72,"column":8},"end":{"line":72,"column":42}},"12":{"start":{"line":73,"column":8},"end":{"line":73,"column":36}},"13":{"start":{"line":96,"column":8},"end":{"line":96,"column":57}},"14":{"start":{"line":97,"column":8},"end":{"line":97,"column":74}},"15":{"start":{"line":98,"column":8},"end":{"line":98,"column":48}},"16":{"start":{"line":99,"column":8},"end":{"line":99,"column":53}},"17":{"start":{"line":100,"column":8},"end":{"line":100,"column":72}},"18":{"start":{"line":110,"column":8},"end":{"line":110,"column":47}},"19":{"start":{"line":111,"column":8},"end":{"line":111,"column":3850}},"20":{"start":{"line":118,"column":8},"end":{"line":118,"column":46}},"21":{"start":{"line":119,"column":8},"end":{"line":119,"column":4109}},"22":{"start":{"line":127,"column":8},"end":{"line":127,"column":45}},"23":{"start":{"line":138,"column":8},"end":{"line":138,"column":65}},"24":{"start":{"line":139,"column":8},"end":{"line":139,"column":63}},"25":{"start":{"line":140,"column":8},"end":{"line":140,"column":36}},"26":{"start":{"line":141,"column":8},"end":{"line":141,"column":39}},"27":{"start":{"line":142,"column":8},"end":{"line":142,"column":43}},"28":{"start":{"line":143,"column":8},"end":{"line":143,"column":40}},"29":{"start":{"line":144,"column":8},"end":{"line":144,"column":78}},"30":{"start":{"line":145,"column":8},"end":{"line":145,"column":5016}},"31":{"start":{"line":148,"column":8},"end":{"line":148,"column":39}},"32":{"start":{"line":153,"column":8},"end":{"line":153,"column":28}},"33":{"start":{"line":157,"column":8},"end":{"line":157,"column":31}},"34":{"start":{"line":161,"column":8},"end":{"line":161,"column":29}},"35":{"start":{"line":165,"column":8},"end":{"line":165,"column":28}},"36":{"start":{"line":169,"column":8},"end":{"line":169,"column":24}},"37":{"start":{"line":173,"column":8},"end":{"line":173,"column":31}},"38":{"start":{"line":177,"column":8},"end":{"line":177,"column":30}},"39":{"start":{"line":181,"column":8},"end":{"line":181,"column":36}},"40":{"start":{"line":185,"column":8},"end":{"line":185,"column":25}}},"branchMap":{"1":{"line":66,"type":"if","locations":[{"start":{"line":66,"column":8},"end":{"line":66,"column":8}},{"start":{"line":66,"column":8},"end":{"line":66,"column":8}}]},"2":{"line":69,"type":"if","locations":[{"start":{"line":69,"column":8},"end":{"line":69,"column":8}},{"start":{"line":69,"column":8},"end":{"line":69,"column":8}}]},"3":{"line":111,"type":"if","locations":[{"start":{"line":111,"column":8},"end":{"line":111,"column":8}},{"start":{"line":111,"column":8},"end":{"line":111,"column":8}}]},"4":{"line":145,"type":"if","locations":[{"start":{"line":145,"column":8},"end":{"line":145,"column":8}},{"start":{"line":145,"column":8},"end":{"line":145,"column":8}}]}}},
"contracts/test/VRFCoordinatorV2Mock.sol":{"l":{},"path":"/Users/marotaman/Desktop/BC apps/smartcontract-lottery/contracts/test/VRFCoordinatorV2Mock.sol","s":{},"b":{},"f":{},"fnMap":{},"statementMap":{},"branchMap":{}}}
