TN:
SF:/Users/marotaman/Desktop/BC apps/smartcontract-lottery/contracts/Raffle.sol
FN:54,constructor
FN:65,enterRaffle
FN:85,checkUpkeep
FN:107,performUpkeep
FN:134,fulfillRandomWords
FN:152,getEntranceFee
FN:156,getPlayer
FN:160,getRecentWinner
FN:164,getRaffleState
FN:168,getNumWords
FN:172,getNumberOfPlayers
FN:176,getLatestTimeStamp
FN:180,getRequestConfirmations
FN:184,getInterval
FNF:14
FNH:8
FNDA:3,constructor
FNDA:5,enterRaffle
FNDA:1,checkUpkeep
FNDA:1,performUpkeep
FNDA:0,fulfillRandomWords
FNDA:5,getEntranceFee
FNDA:1,getPlayer
FNDA:0,getRecentWinner
FNDA:1,getRaffleState
FNDA:0,getNumWords
FNDA:0,getNumberOfPlayers
FNDA:0,getLatestTimeStamp
FNDA:0,getRequestConfirmations
FNDA:5,getInterval
DA:55,3
DA:56,3
DA:57,3
DA:58,3
DA:59,3
DA:60,3
DA:61,3
DA:62,3
DA:66,5
DA:67,1
DA:69,4
DA:70,1
DA:72,3
DA:73,3
DA:96,1
DA:97,1
DA:98,1
DA:99,1
DA:100,1
DA:110,1
DA:111,1
DA:112,0
DA:118,1
DA:119,1
DA:127,1
DA:138,0
DA:139,0
DA:140,0
DA:141,0
DA:142,0
DA:143,0
DA:144,0
DA:145,0
DA:146,0
DA:148,0
DA:153,5
DA:157,1
DA:161,0
DA:165,1
DA:169,0
DA:173,0
DA:177,0
DA:181,0
DA:185,5
LF:44
LH:28
BRDA:66,1,0,1
BRDA:66,1,1,4
BRDA:69,2,0,1
BRDA:69,2,1,3
BRDA:111,3,0,0
BRDA:111,3,1,1
BRDA:145,4,0,0
BRDA:145,4,1,0
BRF:8
BRH:5
end_of_record
TN:
SF:/Users/marotaman/Desktop/BC apps/smartcontract-lottery/contracts/test/VRFCoordinatorV2Mock.sol
FNF:0
FNH:0
LF:0
LH:0
BRF:0
BRH:0
end_of_record
